<?xml version="1.0" encoding="UTF-8"?>
<!-- Generated by org.testng.reporters.JUnitReportReporter -->
<testsuite hostname="FVFY5055J9K8.local" failures="0" tests="1" name="loginRadius.Create" time="1.897" errors="0" timestamp="27 Sep 2020 14:55:22 GMT">
  <testcase classname="loginRadius.Create" name="getUser" time="1.897"/>
</testsuite> <!-- loginRadius.Create -->
